This is pdfTeX, Version 3.141592653-2.6-1.40.23 (TeX Live 2021/W32TeX) (preloaded format=pdflatex 2021.9.7)  16 SEP 2021 08:56
entering extended mode
 restricted \write18 enabled.
 %&-line parsing enabled.
**manuscript.tex
(./manuscript.tex
LaTeX2e <2021-06-01> patch level 1
L3 programming layer <2021-08-27>
(c:/Users/cody.szuwalski/AppData/Roaming/TinyTeX/texmf-dist/tex/latex/base/arti
cle.cls
Document Class: article 2021/02/12 v1.4n Standard LaTeX document class

(c:/Users/cody.szuwalski/AppData/Roaming/TinyTeX/texmf-dist/tex/latex/base/size
10.clo
File: size10.clo 2021/02/12 v1.4n Standard LaTeX file (size option)
)
\c@part=\count182
\c@section=\count183
\c@subsection=\count184
\c@subsubsection=\count185
\c@paragraph=\count186
\c@subparagraph=\count187
\c@figure=\count188
\c@table=\count189
\abovecaptionskip=\skip47
\belowcaptionskip=\skip48
\bibindent=\dimen138
)
(c:/Users/cody.szuwalski/AppData/Roaming/TinyTeX/texmf-dist/tex/latex/amsmath/a
msmath.sty
Package: amsmath 2021/04/20 v2.17j AMS math features
\@mathmargin=\skip49
For additional information on amsmath, use the `?' option.

(c:/Users/cody.szuwalski/AppData/Roaming/TinyTeX/texmf-dist/tex/latex/amsmath/a
mstext.sty
Package: amstext 2000/06/29 v2.01 AMS text

(c:/Users/cody.szuwalski/AppData/Roaming/TinyTeX/texmf-dist/tex/latex/amsmath/a
msgen.sty
File: amsgen.sty 1999/11/30 v2.0 generic functions
\@emptytoks=\toks16
\ex@=\dimen139
))
(c:/Users/cody.szuwalski/AppData/Roaming/TinyTeX/texmf-dist/tex/latex/amsmath/a
msbsy.sty
Package: amsbsy 1999/11/29 v1.2d Bold Symbols
\pmbraise@=\dimen140
)
(c:/Users/cody.szuwalski/AppData/Roaming/TinyTeX/texmf-dist/tex/latex/amsmath/a
msopn.sty
Package: amsopn 2016/03/08 v2.02 operator names
)
\inf@bad=\count190
LaTeX Info: Redefining \frac on input line 234.
\uproot@=\count191
\leftroot@=\count192
LaTeX Info: Redefining \overline on input line 399.
\classnum@=\count193
\DOTSCASE@=\count194
LaTeX Info: Redefining \ldots on input line 496.
LaTeX Info: Redefining \dots on input line 499.
LaTeX Info: Redefining \cdots on input line 620.
\Mathstrutbox@=\box50
\strutbox@=\box51
\big@size=\dimen141
LaTeX Font Info:    Redeclaring font encoding OML on input line 743.
LaTeX Font Info:    Redeclaring font encoding OMS on input line 744.
\macc@depth=\count195
\c@MaxMatrixCols=\count196
\dotsspace@=\muskip16
\c@parentequation=\count197
\dspbrk@lvl=\count198
\tag@help=\toks17
\row@=\count199
\column@=\count266
\maxfields@=\count267
\andhelp@=\toks18
\eqnshift@=\dimen142
\alignsep@=\dimen143
\tagshift@=\dimen144
\tagwidth@=\dimen145
\totwidth@=\dimen146
\lineht@=\dimen147
\@envbody=\toks19
\multlinegap=\skip50
\multlinetaggap=\skip51
\mathdisplay@stack=\toks20
LaTeX Info: Redefining \[ on input line 2923.
LaTeX Info: Redefining \] on input line 2924.
)
(c:/Users/cody.szuwalski/AppData/Roaming/TinyTeX/texmf-dist/tex/latex/amsfonts/
amssymb.sty
Package: amssymb 2013/01/14 v3.01 AMS font symbols

(c:/Users/cody.szuwalski/AppData/Roaming/TinyTeX/texmf-dist/tex/latex/amsfonts/
amsfonts.sty
Package: amsfonts 2013/01/14 v3.01 Basic AMSFonts support
\symAMSa=\mathgroup4
\symAMSb=\mathgroup5
LaTeX Font Info:    Redeclaring math symbol \hbar on input line 98.
LaTeX Font Info:    Overwriting math alphabet `\mathfrak' in version `bold'
(Font)                  U/euf/m/n --> U/euf/b/n on input line 106.
))
(c:/Users/cody.szuwalski/AppData/Roaming/TinyTeX/texmf-dist/tex/latex/lm/lmoder
n.sty
Package: lmodern 2015/05/01 v1.6.1 Latin Modern Fonts
LaTeX Font Info:    Overwriting symbol font `operators' in version `normal'
(Font)                  OT1/cmr/m/n --> OT1/lmr/m/n on input line 22.
LaTeX Font Info:    Overwriting symbol font `letters' in version `normal'
(Font)                  OML/cmm/m/it --> OML/lmm/m/it on input line 23.
LaTeX Font Info:    Overwriting symbol font `symbols' in version `normal'
(Font)                  OMS/cmsy/m/n --> OMS/lmsy/m/n on input line 24.
LaTeX Font Info:    Overwriting symbol font `largesymbols' in version `normal'
(Font)                  OMX/cmex/m/n --> OMX/lmex/m/n on input line 25.
LaTeX Font Info:    Overwriting symbol font `operators' in version `bold'
(Font)                  OT1/cmr/bx/n --> OT1/lmr/bx/n on input line 26.
LaTeX Font Info:    Overwriting symbol font `letters' in version `bold'
(Font)                  OML/cmm/b/it --> OML/lmm/b/it on input line 27.
LaTeX Font Info:    Overwriting symbol font `symbols' in version `bold'
(Font)                  OMS/cmsy/b/n --> OMS/lmsy/b/n on input line 28.
LaTeX Font Info:    Overwriting symbol font `largesymbols' in version `bold'
(Font)                  OMX/cmex/m/n --> OMX/lmex/m/n on input line 29.
LaTeX Font Info:    Overwriting math alphabet `\mathbf' in version `normal'
(Font)                  OT1/cmr/bx/n --> OT1/lmr/bx/n on input line 31.
LaTeX Font Info:    Overwriting math alphabet `\mathsf' in version `normal'
(Font)                  OT1/cmss/m/n --> OT1/lmss/m/n on input line 32.
LaTeX Font Info:    Overwriting math alphabet `\mathit' in version `normal'
(Font)                  OT1/cmr/m/it --> OT1/lmr/m/it on input line 33.
LaTeX Font Info:    Overwriting math alphabet `\mathtt' in version `normal'
(Font)                  OT1/cmtt/m/n --> OT1/lmtt/m/n on input line 34.
LaTeX Font Info:    Overwriting math alphabet `\mathbf' in version `bold'
(Font)                  OT1/cmr/bx/n --> OT1/lmr/bx/n on input line 35.
LaTeX Font Info:    Overwriting math alphabet `\mathsf' in version `bold'
(Font)                  OT1/cmss/bx/n --> OT1/lmss/bx/n on input line 36.
LaTeX Font Info:    Overwriting math alphabet `\mathit' in version `bold'
(Font)                  OT1/cmr/bx/it --> OT1/lmr/bx/it on input line 37.
LaTeX Font Info:    Overwriting math alphabet `\mathtt' in version `bold'
(Font)                  OT1/cmtt/m/n --> OT1/lmtt/m/n on input line 38.
)
(c:/Users/cody.szuwalski/AppData/Roaming/TinyTeX/texmf-dist/tex/generic/iftex/i
ftex.sty
Package: iftex 2020/03/06 v1.0d TeX engine tests
)
(c:/Users/cody.szuwalski/AppData/Roaming/TinyTeX/texmf-dist/tex/latex/base/font
enc.sty
Package: fontenc 2021/04/29 v2.0v Standard LaTeX package
LaTeX Font Info:    Trying to load font information for T1+lmr on input line 11
2.

(c:/Users/cody.szuwalski/AppData/Roaming/TinyTeX/texmf-dist/tex/latex/lm/t1lmr.
fd
File: t1lmr.fd 2015/05/01 v1.6.1 Font defs for Latin Modern
))
(c:/Users/cody.szuwalski/AppData/Roaming/TinyTeX/texmf-dist/tex/latex/base/inpu
tenc.sty
Package: inputenc 2021/02/14 v1.3d Input encoding file
\inpenc@prehook=\toks21
\inpenc@posthook=\toks22
)
(c:/Users/cody.szuwalski/AppData/Roaming/TinyTeX/texmf-dist/tex/latex/base/text
comp.sty
Package: textcomp 2020/02/02 v2.0n Standard LaTeX package
)
(c:/Users/cody.szuwalski/AppData/Roaming/TinyTeX/texmf-dist/tex/latex/xcolor/xc
olor.sty
Package: xcolor 2016/05/11 v2.12 LaTeX color extensions (UK)

(c:/Users/cody.szuwalski/AppData/Roaming/TinyTeX/texmf-dist/tex/latex/graphics-
cfg/color.cfg
File: color.cfg 2016/01/02 v1.6 sample color configuration
)
Package xcolor Info: Driver file: pdftex.def on input line 225.

(c:/Users/cody.szuwalski/AppData/Roaming/TinyTeX/texmf-dist/tex/latex/graphics-
def/pdftex.def
File: pdftex.def 2020/10/05 v1.2a Graphics/color driver for pdftex
)
Package xcolor Info: Model `cmy' substituted by `cmy0' on input line 1348.
Package xcolor Info: Model `hsb' substituted by `rgb' on input line 1352.
Package xcolor Info: Model `RGB' extended on input line 1364.
Package xcolor Info: Model `HTML' substituted by `rgb' on input line 1366.
Package xcolor Info: Model `Hsb' substituted by `hsb' on input line 1367.
Package xcolor Info: Model `tHsb' substituted by `hsb' on input line 1368.
Package xcolor Info: Model `HSB' substituted by `hsb' on input line 1369.
Package xcolor Info: Model `Gray' substituted by `gray' on input line 1370.
Package xcolor Info: Model `wave' substituted by `hsb' on input line 1371.
)
(c:/Users/cody.szuwalski/AppData/Roaming/TinyTeX/texmf-dist/tex/latex/hyperref/
hyperref.sty
Package: hyperref 2021-06-07 v7.00m Hypertext links for LaTeX

(c:/Users/cody.szuwalski/AppData/Roaming/TinyTeX/texmf-dist/tex/generic/ltxcmds
/ltxcmds.sty
Package: ltxcmds 2020-05-10 v1.25 LaTeX kernel commands for general use (HO)
)
(c:/Users/cody.szuwalski/AppData/Roaming/TinyTeX/texmf-dist/tex/generic/pdftexc
mds/pdftexcmds.sty
Package: pdftexcmds 2020-06-27 v0.33 Utility functions of pdfTeX for LuaTeX (HO
)

(c:/Users/cody.szuwalski/AppData/Roaming/TinyTeX/texmf-dist/tex/generic/infware
rr/infwarerr.sty
Package: infwarerr 2019/12/03 v1.5 Providing info/warning/error messages (HO)
)
Package pdftexcmds Info: \pdf@primitive is available.
Package pdftexcmds Info: \pdf@ifprimitive is available.
Package pdftexcmds Info: \pdfdraftmode found.
)
(c:/Users/cody.szuwalski/AppData/Roaming/TinyTeX/texmf-dist/tex/latex/graphics/
keyval.sty
Package: keyval 2014/10/28 v1.15 key=value parser (DPC)
\KV@toks@=\toks23
)
(c:/Users/cody.szuwalski/AppData/Roaming/TinyTeX/texmf-dist/tex/generic/kvsetke
ys/kvsetkeys.sty
Package: kvsetkeys 2019/12/15 v1.18 Key value parser (HO)
)
(c:/Users/cody.szuwalski/AppData/Roaming/TinyTeX/texmf-dist/tex/generic/kvdefin
ekeys/kvdefinekeys.sty
Package: kvdefinekeys 2019-12-19 v1.6 Define keys (HO)
)
(c:/Users/cody.szuwalski/AppData/Roaming/TinyTeX/texmf-dist/tex/generic/pdfesca
pe/pdfescape.sty
Package: pdfescape 2019/12/09 v1.15 Implements pdfTeX's escape features (HO)
)
(c:/Users/cody.szuwalski/AppData/Roaming/TinyTeX/texmf-dist/tex/latex/hycolor/h
ycolor.sty
Package: hycolor 2020-01-27 v1.10 Color options for hyperref/bookmark (HO)
)
(c:/Users/cody.szuwalski/AppData/Roaming/TinyTeX/texmf-dist/tex/latex/letltxmac
ro/letltxmacro.sty
Package: letltxmacro 2019/12/03 v1.6 Let assignment for LaTeX macros (HO)
)
(c:/Users/cody.szuwalski/AppData/Roaming/TinyTeX/texmf-dist/tex/latex/auxhook/a
uxhook.sty
Package: auxhook 2019-12-17 v1.6 Hooks for auxiliary files (HO)
)
(c:/Users/cody.szuwalski/AppData/Roaming/TinyTeX/texmf-dist/tex/latex/kvoptions
/kvoptions.sty
Package: kvoptions 2020-10-07 v3.14 Key value format for package options (HO)
)
\@linkdim=\dimen148
\Hy@linkcounter=\count268
\Hy@pagecounter=\count269

(c:/Users/cody.szuwalski/AppData/Roaming/TinyTeX/texmf-dist/tex/latex/hyperref/
pd1enc.def
File: pd1enc.def 2021-06-07 v7.00m Hyperref: PDFDocEncoding definition (HO)
Now handling font encoding PD1 ...
... no UTF-8 mapping file for font encoding PD1
)
(c:/Users/cody.szuwalski/AppData/Roaming/TinyTeX/texmf-dist/tex/latex/hyperref/
hyperref-langpatches.def
File: hyperref-langpatches.def 2021-06-07 v7.00m Hyperref: patches for babel la
nguages
)
(c:/Users/cody.szuwalski/AppData/Roaming/TinyTeX/texmf-dist/tex/generic/intcalc
/intcalc.sty
Package: intcalc 2019/12/15 v1.3 Expandable calculations with integers (HO)
)
(c:/Users/cody.szuwalski/AppData/Roaming/TinyTeX/texmf-dist/tex/generic/etexcmd
s/etexcmds.sty
Package: etexcmds 2019/12/15 v1.7 Avoid name clashes with e-TeX commands (HO)
)
\Hy@SavedSpaceFactor=\count270

(c:/Users/cody.szuwalski/AppData/Roaming/TinyTeX/texmf-dist/tex/latex/hyperref/
puenc.def
File: puenc.def 2021-06-07 v7.00m Hyperref: PDF Unicode definition (HO)
Now handling font encoding PU ...
... no UTF-8 mapping file for font encoding PU
)
Package hyperref Info: Option `unicode' set `true' on input line 4073.
Package hyperref Info: Hyper figures OFF on input line 4192.
Package hyperref Info: Link nesting OFF on input line 4197.
Package hyperref Info: Hyper index ON on input line 4200.
Package hyperref Info: Plain pages OFF on input line 4207.
Package hyperref Info: Backreferencing OFF on input line 4212.
Package hyperref Info: Implicit mode ON; LaTeX internals redefined.
Package hyperref Info: Bookmarks ON on input line 4445.
\c@Hy@tempcnt=\count271

(c:/Users/cody.szuwalski/AppData/Roaming/TinyTeX/texmf-dist/tex/latex/url/url.s
ty
\Urlmuskip=\muskip17
Package: url 2013/09/16  ver 3.4  Verb mode for urls, etc.
)
LaTeX Info: Redefining \url on input line 4804.
\XeTeXLinkMargin=\dimen149

(c:/Users/cody.szuwalski/AppData/Roaming/TinyTeX/texmf-dist/tex/generic/bitset/
bitset.sty
Package: bitset 2019/12/09 v1.3 Handle bit-vector datatype (HO)

(c:/Users/cody.szuwalski/AppData/Roaming/TinyTeX/texmf-dist/tex/generic/bigintc
alc/bigintcalc.sty
Package: bigintcalc 2019/12/15 v1.5 Expandable calculations on big integers (HO
)
))
\Fld@menulength=\count272
\Field@Width=\dimen150
\Fld@charsize=\dimen151
Package hyperref Info: Hyper figures OFF on input line 6076.
Package hyperref Info: Link nesting OFF on input line 6081.
Package hyperref Info: Hyper index ON on input line 6084.
Package hyperref Info: backreferencing OFF on input line 6091.
Package hyperref Info: Link coloring OFF on input line 6096.
Package hyperref Info: Link coloring with OCG OFF on input line 6101.
Package hyperref Info: PDF/A mode OFF on input line 6106.
LaTeX Info: Redefining \ref on input line 6146.
LaTeX Info: Redefining \pageref on input line 6150.

(c:/Users/cody.szuwalski/AppData/Roaming/TinyTeX/texmf-dist/tex/latex/base/atbe
gshi-ltx.sty
Package: atbegshi-ltx 2021/01/10 v1.0c Emulation of the original atbegshi
package with kernel methods
)
\Hy@abspage=\count273
\c@Item=\count274
\c@Hfootnote=\count275
)
Package hyperref Info: Driver (autodetected): hpdftex.

(c:/Users/cody.szuwalski/AppData/Roaming/TinyTeX/texmf-dist/tex/latex/hyperref/
hpdftex.def
File: hpdftex.def 2021-06-07 v7.00m Hyperref driver for pdfTeX

(c:/Users/cody.szuwalski/AppData/Roaming/TinyTeX/texmf-dist/tex/latex/base/atve
ryend-ltx.sty
Package: atveryend-ltx 2020/08/19 v1.0a Emulation of the original atvery packag
e
with kernel methods
)
\Fld@listcount=\count276
\c@bookmark@seq@number=\count277

(c:/Users/cody.szuwalski/AppData/Roaming/TinyTeX/texmf-dist/tex/latex/rerunfile
check/rerunfilecheck.sty
Package: rerunfilecheck 2019/12/05 v1.9 Rerun checks for auxiliary files (HO)

(c:/Users/cody.szuwalski/AppData/Roaming/TinyTeX/texmf-dist/tex/generic/uniquec
ounter/uniquecounter.sty
Package: uniquecounter 2019/12/15 v1.4 Provide unlimited unique counter (HO)
)
Package uniquecounter Info: New unique counter `rerunfilecheck' on input line 2
86.
)
\Hy@SectionHShift=\skip52
)
(c:/Users/cody.szuwalski/AppData/Roaming/TinyTeX/texmf-dist/tex/latex/geometry/
geometry.sty
Package: geometry 2020/01/02 v5.9 Page Geometry

(c:/Users/cody.szuwalski/AppData/Roaming/TinyTeX/texmf-dist/tex/generic/iftex/i
fvtex.sty
Package: ifvtex 2019/10/25 v1.7 ifvtex legacy package. Use iftex instead.
)
\Gm@cnth=\count278
\Gm@cntv=\count279
\c@Gm@tempcnt=\count280
\Gm@bindingoffset=\dimen152
\Gm@wd@mp=\dimen153
\Gm@odd@mp=\dimen154
\Gm@even@mp=\dimen155
\Gm@layoutwidth=\dimen156
\Gm@layoutheight=\dimen157
\Gm@layouthoffset=\dimen158
\Gm@layoutvoffset=\dimen159
\Gm@dimlist=\toks24
)
(c:/Users/cody.szuwalski/AppData/Roaming/TinyTeX/texmf-dist/tex/latex/tools/lon
gtable.sty
Package: longtable 2021-05-07 v4.16 Multi-page Table package (DPC)
\LTleft=\skip53
\LTright=\skip54
\LTpre=\skip55
\LTpost=\skip56
\LTchunksize=\count281
\LTcapwidth=\dimen160
\LT@head=\box52
\LT@firsthead=\box53
\LT@foot=\box54
\LT@lastfoot=\box55
\LT@gbox=\box56
\LT@cols=\count282
\LT@rows=\count283
\c@LT@tables=\count284
\c@LT@chunks=\count285
\LT@p@ftn=\toks25
)
(c:/Users/cody.szuwalski/AppData/Roaming/TinyTeX/texmf-dist/tex/latex/booktabs/
booktabs.sty
Package: booktabs 2020/01/12 v1.61803398 Publication quality tables
\heavyrulewidth=\dimen161
\lightrulewidth=\dimen162
\cmidrulewidth=\dimen163
\belowrulesep=\dimen164
\belowbottomsep=\dimen165
\aboverulesep=\dimen166
\abovetopsep=\dimen167
\cmidrulesep=\dimen168
\cmidrulekern=\dimen169
\defaultaddspace=\dimen170
\@cmidla=\count286
\@cmidlb=\count287
\@aboverulesep=\dimen171
\@belowrulesep=\dimen172
\@thisruleclass=\count288
\@lastruleclass=\count289
\@thisrulewidth=\dimen173
)
(c:/Users/cody.szuwalski/AppData/Roaming/TinyTeX/texmf-dist/tex/latex/tools/arr
ay.sty
Package: array 2021/04/20 v2.5e Tabular extension package (FMi)
\col@sep=\dimen174
\ar@mcellbox=\box57
\extrarowheight=\dimen175
\NC@list=\toks26
\extratabsurround=\skip57
\backup@length=\skip58
\ar@cellbox=\box58
)
(c:/Users/cody.szuwalski/AppData/Roaming/TinyTeX/texmf-dist/tex/latex/tools/cal
c.sty
Package: calc 2017/05/25 v4.3 Infix arithmetic (KKT,FJ)
\calc@Acount=\count290
\calc@Bcount=\count291
\calc@Adimen=\dimen176
\calc@Bdimen=\dimen177
\calc@Askip=\skip59
\calc@Bskip=\skip60
LaTeX Info: Redefining \setlength on input line 80.
LaTeX Info: Redefining \addtolength on input line 81.
\calc@Ccount=\count292
\calc@Cskip=\skip61
)
(c:/Users/cody.szuwalski/AppData/Roaming/TinyTeX/texmf-dist/tex/latex/etoolbox/
etoolbox.sty
Package: etoolbox 2020/10/05 v2.5k e-TeX tools for LaTeX (JAW)
\etb@tempcnta=\count293
)
(c:/Users/cody.szuwalski/AppData/Roaming/TinyTeX/texmf-dist/tex/latex/mdwtools/
footnote.sty
Package: footnote 1997/01/28 1.13 Save footnotes around boxes
\fn@notes=\box59
\fn@width=\dimen178
)
(c:/Users/cody.szuwalski/AppData/Roaming/TinyTeX/texmf-dist/tex/latex/graphics/
graphicx.sty
Package: graphicx 2020/12/05 v1.2c Enhanced LaTeX Graphics (DPC,SPQR)

(c:/Users/cody.szuwalski/AppData/Roaming/TinyTeX/texmf-dist/tex/latex/graphics/
graphics.sty
Package: graphics 2021/03/04 v1.4d Standard LaTeX Graphics (DPC,SPQR)

(c:/Users/cody.szuwalski/AppData/Roaming/TinyTeX/texmf-dist/tex/latex/graphics/
trig.sty
Package: trig 2016/01/03 v1.10 sin cos tan (DPC)
)
(c:/Users/cody.szuwalski/AppData/Roaming/TinyTeX/texmf-dist/tex/latex/graphics-
cfg/graphics.cfg
File: graphics.cfg 2016/06/04 v1.11 sample graphics configuration
)
Package graphics Info: Driver file: pdftex.def on input line 107.
)
\Gin@req@height=\dimen179
\Gin@req@width=\dimen180
)
(c:/Users/cody.szuwalski/AppData/Roaming/TinyTeX/texmf-dist/tex/latex/l3backend
/l3backend-pdftex.def
File: l3backend-pdftex.def 2021-08-04 L3 backend support: PDF output (pdfTeX)
\l__color_backend_stack_int=\count294
\l__pdf_internal_box=\box60
) (./manuscript.aux)
\openout1 = `manuscript.aux'.

LaTeX Font Info:    Checking defaults for OML/cmm/m/it on input line 82.
LaTeX Font Info:    ... okay on input line 82.
LaTeX Font Info:    Checking defaults for OMS/cmsy/m/n on input line 82.
LaTeX Font Info:    ... okay on input line 82.
LaTeX Font Info:    Checking defaults for OT1/cmr/m/n on input line 82.
LaTeX Font Info:    ... okay on input line 82.
LaTeX Font Info:    Checking defaults for T1/cmr/m/n on input line 82.
LaTeX Font Info:    ... okay on input line 82.
LaTeX Font Info:    Checking defaults for TS1/cmr/m/n on input line 82.
LaTeX Font Info:    ... okay on input line 82.
LaTeX Font Info:    Checking defaults for OMX/cmex/m/n on input line 82.
LaTeX Font Info:    ... okay on input line 82.
LaTeX Font Info:    Checking defaults for U/cmr/m/n on input line 82.
LaTeX Font Info:    ... okay on input line 82.
LaTeX Font Info:    Checking defaults for PD1/pdf/m/n on input line 82.
LaTeX Font Info:    ... okay on input line 82.
LaTeX Font Info:    Checking defaults for PU/pdf/m/n on input line 82.
LaTeX Font Info:    ... okay on input line 82.

(c:/Users/cody.szuwalski/AppData/Roaming/TinyTeX/texmf-dist/tex/latex/epstopdf-
pkg/epstopdf-base.sty
Package: epstopdf-base 2020-01-24 v2.11 Base part for package epstopdf
Package epstopdf-base Info: Redefining graphics rule for `.eps' on input line 4
85.

(c:/Users/cody.szuwalski/AppData/Roaming/TinyTeX/texmf-dist/tex/latex/latexconf
ig/epstopdf-sys.cfg
File: epstopdf-sys.cfg 2010/07/13 v1.3 Configuration of (r)epstopdf for TeX Liv
e
))
Package hyperref Info: Link coloring OFF on input line 82.

(c:/Users/cody.szuwalski/AppData/Roaming/TinyTeX/texmf-dist/tex/latex/hyperref/
nameref.sty
Package: nameref 2021-04-02 v2.47 Cross-referencing by name of section

(c:/Users/cody.szuwalski/AppData/Roaming/TinyTeX/texmf-dist/tex/latex/refcount/
refcount.sty
Package: refcount 2019/12/15 v3.6 Data extraction from label references (HO)
)
(c:/Users/cody.szuwalski/AppData/Roaming/TinyTeX/texmf-dist/tex/generic/gettitl
estring/gettitlestring.sty
Package: gettitlestring 2019/12/15 v1.6 Cleanup title references (HO)
)
\c@section@level=\count295
)
LaTeX Info: Redefining \ref on input line 82.
LaTeX Info: Redefining \pageref on input line 82.
LaTeX Info: Redefining \nameref on input line 82.
(./manuscript.out) (./manuscript.out)
\@outlinefile=\write3
\openout3 = `manuscript.out'.

*geometry* driver: auto-detecting
*geometry* detected driver: pdftex
*geometry* verbose mode - [ preamble ] result:
* driver: pdftex
* paper: <default>
* layout: <same size as paper>
* layoutoffset:(h,v)=(0.0pt,0.0pt)
* modes: 
* h-part:(L,W,R)=(72.26999pt, 469.75502pt, 72.26999pt)
* v-part:(T,H,B)=(72.26999pt, 650.43001pt, 72.26999pt)
* \paperwidth=614.295pt
* \paperheight=794.96999pt
* \textwidth=469.75502pt
* \textheight=650.43001pt
* \oddsidemargin=0.0pt
* \evensidemargin=0.0pt
* \topmargin=-37.0pt
* \headheight=12.0pt
* \headsep=25.0pt
* \topskip=10.0pt
* \footskip=30.0pt
* \marginparwidth=65.0pt
* \marginparsep=11.0pt
* \columnsep=10.0pt
* \skip\footins=9.0pt plus 4.0pt minus 2.0pt
* \hoffset=0.0pt
* \voffset=0.0pt
* \mag=1000
* \@twocolumnfalse
* \@twosidefalse
* \@mparswitchfalse
* \@reversemarginfalse
* (1in=72.27pt=25.4mm, 1cm=28.453pt)

LaTeX Font Info:    Trying to load font information for OT1+lmr on input line 8
4.

(c:/Users/cody.szuwalski/AppData/Roaming/TinyTeX/texmf-dist/tex/latex/lm/ot1lmr
.fd
File: ot1lmr.fd 2015/05/01 v1.6.1 Font defs for Latin Modern
)
LaTeX Font Info:    Trying to load font information for OML+lmm on input line 8
4.

(c:/Users/cody.szuwalski/AppData/Roaming/TinyTeX/texmf-dist/tex/latex/lm/omllmm
.fd
File: omllmm.fd 2015/05/01 v1.6.1 Font defs for Latin Modern
)
LaTeX Font Info:    Trying to load font information for OMS+lmsy on input line 
84.

(c:/Users/cody.szuwalski/AppData/Roaming/TinyTeX/texmf-dist/tex/latex/lm/omslms
y.fd
File: omslmsy.fd 2015/05/01 v1.6.1 Font defs for Latin Modern
)
LaTeX Font Info:    Trying to load font information for OMX+lmex on input line 
84.

(c:/Users/cody.szuwalski/AppData/Roaming/TinyTeX/texmf-dist/tex/latex/lm/omxlme
x.fd
File: omxlmex.fd 2015/05/01 v1.6.1 Font defs for Latin Modern
)
LaTeX Font Info:    External font `lmex10' loaded for size
(Font)              <12> on input line 84.
LaTeX Font Info:    External font `lmex10' loaded for size
(Font)              <8> on input line 84.
LaTeX Font Info:    External font `lmex10' loaded for size
(Font)              <6> on input line 84.
LaTeX Font Info:    Trying to load font information for U+msa on input line 84.


(c:/Users/cody.szuwalski/AppData/Roaming/TinyTeX/texmf-dist/tex/latex/amsfonts/
umsa.fd
File: umsa.fd 2013/01/14 v3.01 AMS symbols A
)
LaTeX Font Info:    Trying to load font information for U+msb on input line 84.


(c:/Users/cody.szuwalski/AppData/Roaming/TinyTeX/texmf-dist/tex/latex/amsfonts/
umsb.fd
File: umsb.fd 2013/01/14 v3.01 AMS symbols B
) [1

{c:/Users/cody.szuwalski/AppData/Roaming/TinyTeX/texmf-var/fonts/map/pdftex/upd
map/pdftex.map}]

LaTeX Warning: Reference `' on page  undefined on input line 155.


LaTeX Warning: Reference `' on page  undefined on input line 157.


LaTeX Warning: Reference `' on page  undefined on input line 159.

LaTeX Font Info:    External font `lmex10' loaded for size
(Font)              <10> on input line 184.
LaTeX Font Info:    External font `lmex10' loaded for size
(Font)              <7> on input line 184.
LaTeX Font Info:    External font `lmex10' loaded for size
(Font)              <5> on input line 184.
pdfTeX warning (ext4): destination with the same identifier (name{page.}) has b
een already used, duplicate ignored
<to be read again> 
                   \relax 
l.203 
       [2]

Package hyperref Warning: Difference (2) between bookmark levels is greater 
(hyperref)                than one, level fixed on input line 255.

pdfTeX warning (ext4): destination with the same identifier (name{page.}) has b
een already used, duplicate ignored
<to be read again> 
                   \relax 
l.274 ...lation-processes-and-derived-quantities}}
                                                   [3]

LaTeX Warning: Reference `predmat' on page  undefined on input line 301.


LaTeX Warning: Reference `predfmort' on page  undefined on input line 311.


LaTeX Warning: Reference `recruits' on page  undefined on input line 323.


LaTeX Warning: Reference `force_mmb' on page  undefined on input line 330.


LaTeX Warning: Reference `nat_m' on page  undefined on input line 334.

pdfTeX warning (ext4): destination with the same identifier (name{page.}) has b
een already used, duplicate ignored
<to be read again> 
                   \relax 
l.352 C
       hanges in character of the estimated time variation in q and M when [4]p
dfTeX warning (ext4): destination with the same identifier (name{page.}) has be
en already used, duplicate ignored
<to be read again> 
                   \relax 
l.400 \newpage
               [5]
Underfull \hbox (badness 1622) in paragraph at lines 413--415
[]\T1/lmr/m/n/10 Fournier, D.A. and C.P. Archibald. 1982. A gen-eral the-ory fo
r an-a-lyz-ing catch-at-age data.
 []

pdfTeX warning (ext4): destination with the same identifier (name{page.}) has b
een already used, duplicate ignored
<to be read again> 
                   \relax 
l.455 \newpage
               [6]pdfTeX warning (ext4): destination with the same identifier (
name{page.}) has been already used, duplicate ignored
<to be read again> 
                   \relax 
l.544 
       [7]pdfTeX warning (ext4): destination with the same identifier (name{pag
e.}) has been already used, duplicate ignored
<to be read again> 
                   \relax 
l.595   \end{equation}
                       [8]pdfTeX warning (ext4): destination with the same iden
tifier (name{page.}) has been already used, duplicate ignored
<to be read again> 
                   \relax 
l.667 \end{equation}
                     [9]pdfTeX warning (ext4): destination with the same identi
fier (name{page.}) has been already used, duplicate ignored
<to be read again> 
                   \relax 
l.738 
       [10]pdfTeX warning (ext4): destination with the same identifier (name{pa
ge.}) has been already used, duplicate ignored
<to be read again> 
                   \relax 
l.743 \newpage
               [11]pdfTeX warning (ext4): destination with the same identifier 
(name{page.}) has been already used, duplicate ignored
<to be read again> 
                   \relax 
l.765 \newpage
               [12]pdfTeX warning (ext4): destination with the same identifier 
(name{page.}) has been already used, duplicate ignored
<to be read again> 
                   \relax 
l.843 \end{longtable}
                      [13]pdfTeX warning (ext4): destination with the same iden
tifier (name{page.}) has been already used, duplicate ignored
<to be read again> 
                   \relax 
l.845 \newpage
               [14]
<manuscript_files/figure-latex/unnamed-chunk-5-1.pdf, id=151, 614.295pt x 361.3
5pt>
File: manuscript_files/figure-latex/unnamed-chunk-5-1.pdf Graphic file (type pd
f)
<use manuscript_files/figure-latex/unnamed-chunk-5-1.pdf>
Package pdftex.def Info: manuscript_files/figure-latex/unnamed-chunk-5-1.pdf  u
sed on input line 849.
(pdftex.def)             Requested size: 469.75604pt x 276.32709pt.
pdfTeX warning (ext4): destination with the same identifier (name{page.}) has b
een already used, duplicate ignored
<to be read again> 
                   \relax 
l.854 \newpage
               [15 <./manuscript_files/figure-latex/unnamed-chunk-5-1.pdf>]
<plots/figure_2.png, id=162, 289.08pt x 578.16pt>
File: plots/figure_2.png Graphic file (type png)
<use plots/figure_2.png>
Package pdftex.def Info: plots/figure_2.png  used on input line 857.
(pdftex.def)             Requested size: 289.09251pt x 578.18504pt.

LaTeX Warning: Float too large for page by 11.69946pt on input line 858.

<plots/mult_retro.png, id=163, 289.08pt x 578.16pt>
File: plots/mult_retro.png Graphic file (type png)
<use plots/mult_retro.png>
Package pdftex.def Info: plots/mult_retro.png  used on input line 863.
(pdftex.def)             Requested size: 289.09251pt x 578.18504pt.
<manuscript_files/figure-latex/unnamed-chunk-8-1.pdf, id=164, 614.295pt x 505.8
9pt>
File: manuscript_files/figure-latex/unnamed-chunk-8-1.pdf Graphic file (type pd
f)
<use manuscript_files/figure-latex/unnamed-chunk-8-1.pdf>
Package pdftex.def Info: manuscript_files/figure-latex/unnamed-chunk-8-1.pdf  u
sed on input line 870.
(pdftex.def)             Requested size: 469.75604pt x 386.85791pt.
<manuscript_files/figure-latex/unnamed-chunk-9-1.pdf, id=165, 614.295pt x 325.2
15pt>
File: manuscript_files/figure-latex/unnamed-chunk-9-1.pdf Graphic file (type pd
f)
<use manuscript_files/figure-latex/unnamed-chunk-9-1.pdf>
Package pdftex.def Info: manuscript_files/figure-latex/unnamed-chunk-9-1.pdf  u
sed on input line 879.
(pdftex.def)             Requested size: 469.75604pt x 248.69437pt.
<manuscript_files/figure-latex/unnamed-chunk-10-1.pdf, id=166, 469.755pt x 361.
35pt>
File: manuscript_files/figure-latex/unnamed-chunk-10-1.pdf Graphic file (type p
df)
<use manuscript_files/figure-latex/unnamed-chunk-10-1.pdf>
Package pdftex.def Info: manuscript_files/figure-latex/unnamed-chunk-10-1.pdf  
used on input line 888.
(pdftex.def)             Requested size: 469.75386pt x 361.34912pt.
<manuscript_files/figure-latex/unnamed-chunk-11-1.pdf, id=167, 578.16pt x 361.3
5pt>
File: manuscript_files/figure-latex/unnamed-chunk-11-1.pdf Graphic file (type p
df)
<use manuscript_files/figure-latex/unnamed-chunk-11-1.pdf>
Package pdftex.def Info: manuscript_files/figure-latex/unnamed-chunk-11-1.pdf  
used on input line 897.
(pdftex.def)             Requested size: 469.75385pt x 293.59616pt.
<manuscript_files/figure-latex/unnamed-chunk-12-1.pdf, id=168, 289.08pt x 650.4
3pt>
File: manuscript_files/figure-latex/unnamed-chunk-12-1.pdf Graphic file (type p
df)
<use manuscript_files/figure-latex/unnamed-chunk-12-1.pdf>
Package pdftex.def Info: manuscript_files/figure-latex/unnamed-chunk-12-1.pdf  
used on input line 906.
(pdftex.def)             Requested size: 289.09251pt x 650.45818pt.

LaTeX Warning: Float too large for page by 23.9726pt on input line 909.

<manuscript_files/figure-latex/unnamed-chunk-13-1.pdf, id=169, 505.89pt x 578.1
6pt>
File: manuscript_files/figure-latex/unnamed-chunk-13-1.pdf Graphic file (type p
df)
<use manuscript_files/figure-latex/unnamed-chunk-13-1.pdf>
Package pdftex.def Info: manuscript_files/figure-latex/unnamed-chunk-13-1.pdf  
used on input line 915.
(pdftex.def)             Requested size: 469.76265pt x 536.87161pt.
<manuscript_files/figure-latex/unnamed-chunk-14-1.pdf, id=170, 578.16pt x 722.7
pt>
File: manuscript_files/figure-latex/unnamed-chunk-14-1.pdf Graphic file (type p
df)
<use manuscript_files/figure-latex/unnamed-chunk-14-1.pdf>
Package pdftex.def Info: manuscript_files/figure-latex/unnamed-chunk-14-1.pdf  
used on input line 925.
(pdftex.def)             Requested size: 469.75385pt x 587.1923pt.
<manuscript_files/figure-latex/unnamed-chunk-15-1.pdf, id=171, 614.295pt x 614.
295pt>
File: manuscript_files/figure-latex/unnamed-chunk-15-1.pdf Graphic file (type p
df)
<use manuscript_files/figure-latex/unnamed-chunk-15-1.pdf>
Package pdftex.def Info: manuscript_files/figure-latex/unnamed-chunk-15-1.pdf  
used on input line 933.
(pdftex.def)             Requested size: 469.75604pt x 469.75604pt.
<manuscript_files/figure-latex/unnamed-chunk-16-1.pdf, id=172, 614.295pt x 614.
295pt>
File: manuscript_files/figure-latex/unnamed-chunk-16-1.pdf Graphic file (type p
df)
<use manuscript_files/figure-latex/unnamed-chunk-16-1.pdf>
Package pdftex.def Info: manuscript_files/figure-latex/unnamed-chunk-16-1.pdf  
used on input line 942.
(pdftex.def)             Requested size: 469.75604pt x 469.75604pt.
<manuscript_files/figure-latex/unnamed-chunk-17-1.pdf, id=173, 614.295pt x 722.
7pt>
File: manuscript_files/figure-latex/unnamed-chunk-17-1.pdf Graphic file (type p
df)
<use manuscript_files/figure-latex/unnamed-chunk-17-1.pdf>
Package pdftex.def Info: manuscript_files/figure-latex/unnamed-chunk-17-1.pdf  
used on input line 951.
(pdftex.def)             Requested size: 469.75604pt x 552.65417pt.
<manuscript_files/figure-latex/unnamed-chunk-18-1.pdf, id=174, 505.89pt x 505.8
9pt>
File: manuscript_files/figure-latex/unnamed-chunk-18-1.pdf Graphic file (type p
df)
<use manuscript_files/figure-latex/unnamed-chunk-18-1.pdf>
Package pdftex.def Info: manuscript_files/figure-latex/unnamed-chunk-18-1.pdf  
used on input line 960.
(pdftex.def)             Requested size: 469.76265pt x 469.76265pt.
<manuscript_files/figure-latex/unnamed-chunk-19-1.pdf, id=175, 614.295pt x 722.
7pt>
File: manuscript_files/figure-latex/unnamed-chunk-19-1.pdf Graphic file (type p
df)
<use manuscript_files/figure-latex/unnamed-chunk-19-1.pdf>
Package pdftex.def Info: manuscript_files/figure-latex/unnamed-chunk-19-1.pdf  
used on input line 969.
(pdftex.def)             Requested size: 469.75604pt x 552.65417pt.
<manuscript_files/figure-latex/unnamed-chunk-20-1.pdf, id=176, 614.295pt x 722.
7pt>
File: manuscript_files/figure-latex/unnamed-chunk-20-1.pdf Graphic file (type p
df)
<use manuscript_files/figure-latex/unnamed-chunk-20-1.pdf>
Package pdftex.def Info: manuscript_files/figure-latex/unnamed-chunk-20-1.pdf  
used on input line 981.
(pdftex.def)             Requested size: 469.75604pt x 552.65417pt.
<manuscript_files/figure-latex/unnamed-chunk-21-1.pdf, id=177, 614.295pt x 722.
7pt>
File: manuscript_files/figure-latex/unnamed-chunk-21-1.pdf Graphic file (type p
df)
<use manuscript_files/figure-latex/unnamed-chunk-21-1.pdf>
Package pdftex.def Info: manuscript_files/figure-latex/unnamed-chunk-21-1.pdf  
used on input line 993.
(pdftex.def)             Requested size: 469.75604pt x 552.65417pt.
<manuscript_files/figure-latex/unnamed-chunk-22-1.pdf, id=178, 614.295pt x 722.
7pt>
File: manuscript_files/figure-latex/unnamed-chunk-22-1.pdf Graphic file (type p
df)
<use manuscript_files/figure-latex/unnamed-chunk-22-1.pdf>
Package pdftex.def Info: manuscript_files/figure-latex/unnamed-chunk-22-1.pdf  
used on input line 1005.
(pdftex.def)             Requested size: 469.75604pt x 552.65417pt.
<manuscript_files/figure-latex/unnamed-chunk-23-1.pdf, id=179, 578.16pt x 722.7
pt>
File: manuscript_files/figure-latex/unnamed-chunk-23-1.pdf Graphic file (type p
df)
<use manuscript_files/figure-latex/unnamed-chunk-23-1.pdf>
Package pdftex.def Info: manuscript_files/figure-latex/unnamed-chunk-23-1.pdf  
used on input line 1017.
(pdftex.def)             Requested size: 469.75385pt x 587.1923pt.
<manuscript_files/figure-latex/unnamed-chunk-24-1.pdf, id=180, 578.16pt x 722.7
pt>
File: manuscript_files/figure-latex/unnamed-chunk-24-1.pdf Graphic file (type p
df)
<use manuscript_files/figure-latex/unnamed-chunk-24-1.pdf>
Package pdftex.def Info: manuscript_files/figure-latex/unnamed-chunk-24-1.pdf  
used on input line 1025.
(pdftex.def)             Requested size: 469.75385pt x 587.1923pt.
<manuscript_files/figure-latex/unnamed-chunk-25-1.pdf, id=181, 578.16pt x 722.7
pt>
File: manuscript_files/figure-latex/unnamed-chunk-25-1.pdf Graphic file (type p
df)
<use manuscript_files/figure-latex/unnamed-chunk-25-1.pdf>
Package pdftex.def Info: manuscript_files/figure-latex/unnamed-chunk-25-1.pdf  
used on input line 1034.
(pdftex.def)             Requested size: 469.75385pt x 587.1923pt.
<manuscript_files/figure-latex/unnamed-chunk-26-1.pdf, id=182, 614.295pt x 361.
35pt>
File: manuscript_files/figure-latex/unnamed-chunk-26-1.pdf Graphic file (type p
df)
<use manuscript_files/figure-latex/unnamed-chunk-26-1.pdf>
Package pdftex.def Info: manuscript_files/figure-latex/unnamed-chunk-26-1.pdf  
used on input line 1043.
(pdftex.def)             Requested size: 469.75604pt x 276.32709pt.
pdfTeX warning (ext4): destination with the same identifier (name{page.}) has b
een already used, duplicate ignored
<to be read again> 
                   \relax 
l.1050 \end{document}
                      [16 <./plots/figure_2.png (PNG copy)>]pdfTeX warning (ext
4): destination with the same identifier (name{page.}) has been already used, d
uplicate ignored
<to be read again> 
                   \relax 
l.1050 \end{document}
                      [17 <./plots/mult_retro.png>]pdfTeX warning (ext4): desti
nation with the same identifier (name{page.}) has been already used, duplicate 
ignored
<to be read again> 
                   \relax 
l.1050 \end{document}
                      [18 <./manuscript_files/figure-latex/unnamed-chunk-8-1.pd
f>]pdfTeX warning (ext4): destination with the same identifier (name{page.}) ha
s been already used, duplicate ignored
<to be read again> 
                   \relax 
l.1050 \end{document}
                      [19 <./manuscript_files/figure-latex/unnamed-chunk-9-1.pd
f>]pdfTeX warning (ext4): destination with the same identifier (name{page.}) ha
s been already used, duplicate ignored
<to be read again> 
                   \relax 
l.1050 \end{document}
                      [20 <./manuscript_files/figure-latex/unnamed-chunk-10-1.p
df>]pdfTeX warning (ext4): destination with the same identifier (name{page.}) h
as been already used, duplicate ignored
<to be read again> 
                   \relax 
l.1050 \end{document}
                      [21 <./manuscript_files/figure-latex/unnamed-chunk-11-1.p
df>]pdfTeX warning (ext4): destination with the same identifier (name{page.}) h
as been already used, duplicate ignored
<to be read again> 
                   \relax 
l.1050 \end{document}
                      [22 <./manuscript_files/figure-latex/unnamed-chunk-12-1.p
df>]pdfTeX warning (ext4): destination with the same identifier (name{page.}) h
as been already used, duplicate ignored
<to be read again> 
                   \relax 
l.1050 \end{document}
                      [23 <./manuscript_files/figure-latex/unnamed-chunk-13-1.p
df>]pdfTeX warning (ext4): destination with the same identifier (name{page.}) h
as been already used, duplicate ignored
<to be read again> 
                   \relax 
l.1050 \end{document}
                      [24 <./manuscript_files/figure-latex/unnamed-chunk-14-1.p
df>]pdfTeX warning (ext4): destination with the same identifier (name{page.}) h
as been already used, duplicate ignored
<to be read again> 
                   \relax 
l.1050 \end{document}
                      [25 <./manuscript_files/figure-latex/unnamed-chunk-15-1.p
df>]pdfTeX warning (ext4): destination with the same identifier (name{page.}) h
as been already used, duplicate ignored
<to be read again> 
                   \relax 
l.1050 \end{document}
                      [26 <./manuscript_files/figure-latex/unnamed-chunk-16-1.p
df>]pdfTeX warning (ext4): destination with the same identifier (name{page.}) h
as been already used, duplicate ignored
<to be read again> 
                   \relax 
l.1050 \end{document}
                      [27 <./manuscript_files/figure-latex/unnamed-chunk-17-1.p
df>]pdfTeX warning (ext4): destination with the same identifier (name{page.}) h
as been already used, duplicate ignored
<to be read again> 
                   \relax 
l.1050 \end{document}
                      [28 <./manuscript_files/figure-latex/unnamed-chunk-18-1.p
df>]pdfTeX warning (ext4): destination with the same identifier (name{page.}) h
as been already used, duplicate ignored
<to be read again> 
                   \relax 
l.1050 \end{document}
                      [29 <./manuscript_files/figure-latex/unnamed-chunk-19-1.p
df>]pdfTeX warning (ext4): destination with the same identifier (name{page.}) h
as been already used, duplicate ignored
<to be read again> 
                   \relax 
l.1050 \end{document}
                      [30 <./manuscript_files/figure-latex/unnamed-chunk-20-1.p
df>]pdfTeX warning (ext4): destination with the same identifier (name{page.}) h
as been already used, duplicate ignored
<to be read again> 
                   \relax 
l.1050 \end{document}
                      [31 <./manuscript_files/figure-latex/unnamed-chunk-21-1.p
df>]pdfTeX warning (ext4): destination with the same identifier (name{page.}) h
as been already used, duplicate ignored
<to be read again> 
                   \relax 
l.1050 \end{document}
                      [32 <./manuscript_files/figure-latex/unnamed-chunk-22-1.p
df>]pdfTeX warning (ext4): destination with the same identifier (name{page.}) h
as been already used, duplicate ignored
<to be read again> 
                   \relax 
l.1050 \end{document}
                      [33 <./manuscript_files/figure-latex/unnamed-chunk-23-1.p
df>]pdfTeX warning (ext4): destination with the same identifier (name{page.}) h
as been already used, duplicate ignored
<to be read again> 
                   \relax 
l.1050 \end{document}
                      [34 <./manuscript_files/figure-latex/unnamed-chunk-24-1.p
df>]pdfTeX warning (ext4): destination with the same identifier (name{page.}) h
as been already used, duplicate ignored
<to be read again> 
                   \relax 
l.1050 \end{document}
                      [35 <./manuscript_files/figure-latex/unnamed-chunk-25-1.p
df>]pdfTeX warning (ext4): destination with the same identifier (name{page.}) h
as been already used, duplicate ignored
<to be read again> 
                   \relax 
l.1050 \end{document}
                      [36 <./manuscript_files/figure-latex/unnamed-chunk-26-1.p
df>] (./manuscript.aux)

LaTeX Warning: There were undefined references.

Package rerunfilecheck Info: File `manuscript.out' has not changed.
(rerunfilecheck)             Checksum: 230E14F98EA07FDCC3D3C611E95676A7;927.
 ) 
Here is how much of TeX's memory you used:
 10905 strings out of 480559
 166273 string characters out of 5901529
 496958 words of memory out of 5000000
 28250 multiletter control sequences out of 15000+600000
 463219 words of font info for 69 fonts, out of 8000000 for 9000
 14 hyphenation exceptions out of 8191
 60i,10n,66p,700b,438s stack positions out of 5000i,500n,10000p,200000b,80000s
{c:/Users/cody.szuwalski/AppData/Roaming/TinyTeX/texmf-dist/fonts/enc/dvips/l
m/lm-rm.enc}{c:/Users/cody.szuwalski/AppData/Roaming/TinyTeX/texmf-dist/fonts/e
nc/dvips/lm/lm-mathsy.enc}{c:/Users/cody.szuwalski/AppData/Roaming/TinyTeX/texm
f-dist/fonts/enc/dvips/lm/lm-mathit.enc}{c:/Users/cody.szuwalski/AppData/Roamin
g/TinyTeX/texmf-dist/fonts/enc/dvips/lm/lm-mathex.enc}{c:/Users/cody.szuwalski/
AppData/Roaming/TinyTeX/texmf-dist/fonts/enc/dvips/lm/lm-ec.enc}<c:/Users/cody.
szuwalski/AppData/Roaming/TinyTeX/texmf-dist/fonts/type1/public/lm/lmbx10.pfb><
c:/Users/cody.szuwalski/AppData/Roaming/TinyTeX/texmf-dist/fonts/type1/public/l
m/lmbx12.pfb><c:/Users/cody.szuwalski/AppData/Roaming/TinyTeX/texmf-dist/fonts/
type1/public/lm/lmex10.pfb><c:/Users/cody.szuwalski/AppData/Roaming/TinyTeX/tex
mf-dist/fonts/type1/public/lm/lmmi10.pfb><c:/Users/cody.szuwalski/AppData/Roami
ng/TinyTeX/texmf-dist/fonts/type1/public/lm/lmmi5.pfb><c:/Users/cody.szuwalski/
AppData/Roaming/TinyTeX/texmf-dist/fonts/type1/public/lm/lmmi7.pfb><c:/Users/co
dy.szuwalski/AppData/Roaming/TinyTeX/texmf-dist/fonts/type1/public/lm/lmr10.pfb
><c:/Users/cody.szuwalski/AppData/Roaming/TinyTeX/texmf-dist/fonts/type1/public
/lm/lmr12.pfb><c:/Users/cody.szuwalski/AppData/Roaming/TinyTeX/texmf-dist/fonts
/type1/public/lm/lmr17.pfb><c:/Users/cody.szuwalski/AppData/Roaming/TinyTeX/tex
mf-dist/fonts/type1/public/lm/lmr5.pfb><c:/Users/cody.szuwalski/AppData/Roaming
/TinyTeX/texmf-dist/fonts/type1/public/lm/lmr7.pfb><c:/Users/cody.szuwalski/App
Data/Roaming/TinyTeX/texmf-dist/fonts/type1/public/lm/lmri10.pfb><c:/Users/cody
.szuwalski/AppData/Roaming/TinyTeX/texmf-dist/fonts/type1/public/lm/lmri7.pfb><
c:/Users/cody.szuwalski/AppData/Roaming/TinyTeX/texmf-dist/fonts/type1/public/l
m/lmsy10.pfb><c:/Users/cody.szuwalski/AppData/Roaming/TinyTeX/texmf-dist/fonts/
type1/public/lm/lmsy5.pfb><c:/Users/cody.szuwalski/AppData/Roaming/TinyTeX/texm
f-dist/fonts/type1/public/lm/lmsy7.pfb>
Output written on manuscript.pdf (36 pages, 899132 bytes).
PDF statistics:
 451 PDF objects out of 1000 (max. 8388607)
 333 compressed objects within 4 object streams
 71 named destinations out of 1000 (max. 500000)
 167 words of extra memory for PDF output out of 10000 (max. 10000000)

